<?xml version="1.0" encoding="UTF-8"?>
<!-- Generated by org.testng.reporters.JUnitXMLReporter -->
<testsuite hostname="DESKTOP-INQUNRP" ignored="0" name="Batch1" tests="12" failures="0" timestamp="2020-06-07T18:30:40 EDT" time="0.231" errors="0">
  <testcase name="test1" time="0.016" classname="com.TestNGBatch.SanityTest"/>
  <testcase name="test2" time="0.004" classname="com.TestNGBatch.SanityTest"/>
  <testcase name="test3" time="0.005" classname="com.TestNGBatch.SanityTest"/>
  <testcase name="test4" time="0.005" classname="com.TestNGBatch.SanityTest"/>
  <testcase name="test5" time="0.003" classname="com.TestNGBatch.SanityTest"/>
  <testcase name="test6" time="0.003" classname="com.TestNGBatch.SanityTest"/>
  <testcase name="test1" time="0.003" classname="com.TestNGBatch.FunctionalTest"/>
  <testcase name="test2" time="0.006" classname="com.TestNGBatch.FunctionalTest"/>
  <testcase name="test3" time="0.002" classname="com.TestNGBatch.FunctionalTest"/>
  <testcase name="test4" time="0.019" classname="com.TestNGBatch.FunctionalTest"/>
  <testcase name="test5" time="0.008" classname="com.TestNGBatch.FunctionalTest"/>
  <testcase name="test6" time="0.005" classname="com.TestNGBatch.FunctionalTest"/>
</testsuite> <!-- Batch1 -->
