<?xml version="1.0" encoding="UTF-8"?>
<!-- Generated by org.testng.reporters.JUnitXMLReporter -->
<testsuite hostname="DESKTOP-INQUNRP" ignored="0" name="Batch2" tests="12" failures="0" timestamp="2020-06-07T18:30:40 EDT" time="0.076" errors="0">
  <testcase name="test1" time="0.003" classname="com.TestNGBatch.RegressionTest"/>
  <testcase name="test2" time="0.002" classname="com.TestNGBatch.RegressionTest"/>
  <testcase name="test3" time="0.001" classname="com.TestNGBatch.RegressionTest"/>
  <testcase name="test4" time="0.003" classname="com.TestNGBatch.RegressionTest"/>
  <testcase name="test5" time="0.002" classname="com.TestNGBatch.RegressionTest"/>
  <testcase name="test6" time="0.001" classname="com.TestNGBatch.RegressionTest"/>
  <testcase name="test1" time="0.005" classname="com.TestNGBatch.SmokeTest"/>
  <testcase name="test2" time="0.003" classname="com.TestNGBatch.SmokeTest"/>
  <testcase name="test3" time="0.007" classname="com.TestNGBatch.SmokeTest"/>
  <testcase name="test4" time="0.009" classname="com.TestNGBatch.SmokeTest"/>
  <testcase name="test5" time="0.004" classname="com.TestNGBatch.SmokeTest"/>
  <testcase name="test6" time="0.001" classname="com.TestNGBatch.SmokeTest"/>
</testsuite> <!-- Batch2 -->
