<?xml version="1.0" encoding="UTF-8"?>
<!-- Generated by org.testng.reporters.JUnitXMLReporter -->
<testsuite hostname="DESKTOP-INQUNRP" ignored="0" name="Test" tests="29" failures="0" timestamp="2020-06-07T17:58:46 EDT" time="58.747" errors="0">
  <testcase name="test1" time="0.014" classname="com.TestNGParallel.MoreTestThanThreadTesting"/>
  <testcase name="birthDayTest" time="16.92" classname="com.TestNGgrouping.GroupingTest"/>
  <testcase name="test2" time="17.195" classname="com.TestNGParallel.MoreTestThanThreadTesting"/>
  <testcase name="test3" time="0.002" classname="com.TestNGParallel.MoreTestThanThreadTesting"/>
  <testcase name="test4" time="0.002" classname="com.TestNGParallel.MoreTestThanThreadTesting"/>
  <testcase name="test5" time="0.003" classname="com.TestNGParallel.MoreTestThanThreadTesting"/>
  <testcase name="test6" time="0.001" classname="com.TestNGParallel.MoreTestThanThreadTesting"/>
  <testcase name="crises_controll" time="0.001" classname="com.TestNGgrouping.MultipoleGroupTest"/>
  <testcase name="crises_manage" time="0.001" classname="com.TestNGgrouping.MultipoleGroupTest"/>
  <testcase name="crises_responses" time="0.001" classname="com.TestNGgrouping.MultipoleGroupTest"/>
  <testcase name="friendlist" time="0.001" classname="com.TestNGgrouping.MultipoleGroupTest"/>
  <testcase name="group" time="0.001" classname="com.TestNGgrouping.MultipoleGroupTest"/>
  <testcase name="login" time="0.002" classname="com.TestNGgrouping.MultipoleGroupTest"/>
  <testcase name="forgetLinkTest" time="16.151" classname="com.TestNGgrouping.GroupingTest"/>
  <testcase name="test1" time="19.324" classname="com.TestNGParallel.ParallelThreadTesting"/>
  <testcase name="loginTest" time="13.175" classname="com.TestNGgrouping.GroupingTest"/>
  <testcase name="crises_controll" time="0.002" classname="com.TestNGgrouping.RegularExpression"/>
  <testcase name="crises_manage" time="0.002" classname="com.TestNGgrouping.RegularExpression"/>
  <testcase name="crises_responses" time="0.002" classname="com.TestNGgrouping.RegularExpression"/>
  <testcase name="friendlist" time="0.001" classname="com.TestNGgrouping.RegularExpression"/>
  <testcase name="group" time="0.002" classname="com.TestNGgrouping.RegularExpression"/>
  <testcase name="login" time="0.001" classname="com.TestNGgrouping.RegularExpression"/>
  <testcase name="test1" time="0.006" classname="com.TestNGParallel.ThreadPoolSize"/>
  <testcase name="test1" time="0.01" classname="com.TestNGParallel.ThreadPoolSize"/>
  <testcase name="test1" time="0.015" classname="com.TestNGParallel.ThreadPoolSize"/>
  <testcase name="test2" time="0.001" classname="com.TestNGParallel.ThreadPoolSize"/>
  <testcase name="test2" time="0.001" classname="com.TestNGParallel.ThreadPoolSize"/>
  <testcase name="test2" time="15.713" classname="com.TestNGParallel.ParallelThreadTesting"/>
  <testcase name="test3" time="12.378" classname="com.TestNGParallel.ThreadPoolSize"/>
</testsuite> <!-- Test -->
