<?xml version="1.0" encoding="UTF-8"?>
<!-- Generated by org.testng.reporters.JUnitXMLReporter -->
<testsuite hostname="DESKTOP-INQUNRP" ignored="0" name="Test" tests="6" failures="0" timestamp="2020-06-07T18:30:57 EDT" time="17.108" errors="0">
  <testcase name="test1" time="0.001" classname="com.TestNGParallel.MoreTestThanThreadTesting"/>
  <testcase name="test3" time="0.002" classname="com.TestNGParallel.MoreTestThanThreadTesting"/>
  <testcase name="test4" time="0.001" classname="com.TestNGParallel.MoreTestThanThreadTesting"/>
  <testcase name="test5" time="0.001" classname="com.TestNGParallel.MoreTestThanThreadTesting"/>
  <testcase name="test6" time="0.002" classname="com.TestNGParallel.MoreTestThanThreadTesting"/>
  <testcase name="test2" time="17.063" classname="com.TestNGParallel.MoreTestThanThreadTesting"/>
</testsuite> <!-- Test -->
