<?xml version="1.0" encoding="UTF-8"?>
<!-- Generated by org.testng.reporters.JUnitXMLReporter -->
<testsuite hostname="Libi" ignored="0" name="Test" tests="8" failures="0" timestamp="15 May 2018 20:16:18 GMT" time="6.309" errors="0">
  <testcase name="openFaceBook" time="2.951" classname="testngExplanation.Parallel"/>
  <testcase name="openGmail" time="3.285" classname="testngExplanation.Parallel"/>
  <testcase name="login" time="0.002" classname="testngExplanation.priority"/>
  <testcase name="crises_responses" time="0.002" classname="testngExplanation.priority"/>
  <testcase name="group" time="0.001" classname="testngExplanation.priority"/>
  <testcase name="friendlist" time="0.002" classname="testngExplanation.priority"/>
  <testcase name="crises_manage" time="0.002" classname="testngExplanation.priority"/>
  <testcase name="crises_controll" time="0.001" classname="testngExplanation.priority"/>
</testsuite> <!-- Test -->
