<?xml version="1.0" encoding="UTF-8"?>
<testng-results skipped="0" failed="0" ignored="0" total="6" passed="6">
  <reporter-output>
  </reporter-output>
  <suite name="Default suite" duration-ms="98" started-at="2020-06-14T20:10:40 EDT" finished-at="2020-06-14T20:10:40 EDT">
    <groups>
    </groups>
    <test name="Default test" duration-ms="98" started-at="2020-06-14T20:10:40 EDT" finished-at="2020-06-14T20:10:40 EDT">
      <class name="com.TestNGBatch.FunctionalTest">
        <test-method status="PASS" signature="test1()[pri:1, instance:com.TestNGBatch.FunctionalTest@6e0e048a]" name="test1" duration-ms="15" started-at="2020-06-14T20:10:40 EDT" finished-at="2020-06-14T20:10:40 EDT">
          <reporter-output>
          </reporter-output>
        </test-method> <!-- test1 -->
        <test-method status="PASS" signature="test2()[pri:2, instance:com.TestNGBatch.FunctionalTest@6e0e048a]" name="test2" duration-ms="1" started-at="2020-06-14T20:10:40 EDT" finished-at="2020-06-14T20:10:40 EDT">
          <reporter-output>
          </reporter-output>
        </test-method> <!-- test2 -->
        <test-method status="PASS" signature="test3()[pri:3, instance:com.TestNGBatch.FunctionalTest@6e0e048a]" name="test3" duration-ms="2" started-at="2020-06-14T20:10:40 EDT" finished-at="2020-06-14T20:10:40 EDT">
          <reporter-output>
          </reporter-output>
        </test-method> <!-- test3 -->
        <test-method status="PASS" signature="test4()[pri:4, instance:com.TestNGBatch.FunctionalTest@6e0e048a]" name="test4" duration-ms="2" started-at="2020-06-14T20:10:40 EDT" finished-at="2020-06-14T20:10:40 EDT">
          <reporter-output>
          </reporter-output>
        </test-method> <!-- test4 -->
        <test-method status="PASS" signature="test5()[pri:5, instance:com.TestNGBatch.FunctionalTest@6e0e048a]" name="test5" duration-ms="1" started-at="2020-06-14T20:10:40 EDT" finished-at="2020-06-14T20:10:40 EDT">
          <reporter-output>
          </reporter-output>
        </test-method> <!-- test5 -->
        <test-method status="PASS" signature="test6()[pri:6, instance:com.TestNGBatch.FunctionalTest@6e0e048a]" name="test6" duration-ms="1" started-at="2020-06-14T20:10:40 EDT" finished-at="2020-06-14T20:10:40 EDT">
          <reporter-output>
          </reporter-output>
        </test-method> <!-- test6 -->
      </class> <!-- com.TestNGBatch.FunctionalTest -->
    </test> <!-- Default test -->
  </suite> <!-- Default suite -->
</testng-results>
