<?xml version="1.0" encoding="UTF-8"?>
<!-- Generated by org.testng.reporters.JUnitXMLReporter -->
<testsuite hostname="Libi" ignored="0" name="batch2" tests="3" failures="0" timestamp="15 May 2018 20:52:32 GMT" time="201.291" errors="0">
  <testcase name="testone" time="142.303" classname="TestNG.BeforeAfterMethod"/>
  <testcase name="register" time="0.736" classname="TestNG.Dependency_priority"/>
  <testcase name="support" time="0.479" classname="TestNG.Dependency_priority"/>
</testsuite> <!-- batch2 -->
