<?xml version="1.0" encoding="UTF-8"?>
<!-- Generated by org.testng.reporters.JUnitXMLReporter -->
<testsuite hostname="DESKTOP-INQUNRP" ignored="0" name="Test" tests="24" failures="0" timestamp="2020-06-07T18:39:12 EDT" time="0.14" errors="0">
  <testcase name="test1" time="0.001" classname="com.TestNGBatch.SanityTest"/>
  <testcase name="test2" time="0.001" classname="com.TestNGBatch.SanityTest"/>
  <testcase name="test3" time="0.001" classname="com.TestNGBatch.SanityTest"/>
  <testcase name="test4" time="0.001" classname="com.TestNGBatch.SanityTest"/>
  <testcase name="test5" time="0.001" classname="com.TestNGBatch.SanityTest"/>
  <testcase name="test6" time="0.006" classname="com.TestNGBatch.SanityTest"/>
  <testcase name="test1" time="0.002" classname="com.TestNGBatch.FunctionalTest"/>
  <testcase name="test2" time="0.003" classname="com.TestNGBatch.FunctionalTest"/>
  <testcase name="test3" time="0.001" classname="com.TestNGBatch.FunctionalTest"/>
  <testcase name="test4" time="0.001" classname="com.TestNGBatch.FunctionalTest"/>
  <testcase name="test5" time="0.001" classname="com.TestNGBatch.FunctionalTest"/>
  <testcase name="test6" time="0.004" classname="com.TestNGBatch.FunctionalTest"/>
  <testcase name="test1" time="0.001" classname="com.TestNGBatch.RegressionTest"/>
  <testcase name="test2" time="0.004" classname="com.TestNGBatch.RegressionTest"/>
  <testcase name="test3" time="0.002" classname="com.TestNGBatch.RegressionTest"/>
  <testcase name="test4" time="0.01" classname="com.TestNGBatch.RegressionTest"/>
  <testcase name="test5" time="0.002" classname="com.TestNGBatch.RegressionTest"/>
  <testcase name="test6" time="0.002" classname="com.TestNGBatch.RegressionTest"/>
  <testcase name="test1" time="0.001" classname="com.TestNGBatch.SmokeTest"/>
  <testcase name="test2" time="0.001" classname="com.TestNGBatch.SmokeTest"/>
  <testcase name="test3" time="0.003" classname="com.TestNGBatch.SmokeTest"/>
  <testcase name="test4" time="0.001" classname="com.TestNGBatch.SmokeTest"/>
  <testcase name="test5" time="0.01" classname="com.TestNGBatch.SmokeTest"/>
  <testcase name="test6" time="0.001" classname="com.TestNGBatch.SmokeTest"/>
</testsuite> <!-- Test -->
