<?xml version="1.0" encoding="UTF-8"?>
<!-- Generated by org.testng.reporters.JUnitXMLReporter -->
<testsuite hostname="Libi" ignored="0" name="batch2" tests="3" failures="0" timestamp="01 May 2018 20:02:07 GMT" time="163.337" errors="0">
  <testcase name="testone" time="110.108" classname="TestNG.BeforeAfterMethod"/>
  <testcase name="register" time="1.372" classname="TestNG.Dependency_priority"/>
  <testcase name="support" time="2.971" classname="TestNG.Dependency_priority"/>
</testsuite> <!-- batch2 -->
