<?xml version="1.0" encoding="UTF-8"?>
<!-- Generated by org.testng.reporters.JUnitXMLReporter -->
<testsuite hostname="Libi" ignored="0" name="batch3" tests="9" failures="0" timestamp="01 May 2018 20:02:38 GMT" time="30.408" errors="0">
  <testcase name="link" time="0.001" classname="TestNG.Dependency">
    <skipped/>
  </testcase> <!-- link -->
  <testcase name="login" time="6.22" classname="TestNG.Dependency"/>
  <testcase name="login" time="0.001" classname="TestNG.Priority"/>
  <testcase name="forgot" time="1.791" classname="TestNG.Dependency"/>
  <testcase name="crises_responses" time="0.005" classname="TestNG.Priority"/>
  <testcase name="group" time="0.001" classname="TestNG.Priority"/>
  <testcase name="friendlist" time="0.002" classname="TestNG.Priority"/>
  <testcase name="crises_manage" time="0.001" classname="TestNG.Priority"/>
  <testcase name="crises_controll" time="0.001" classname="TestNG.Priority"/>
</testsuite> <!-- batch3 -->
