<?xml version="1.0" encoding="UTF-8"?>
<!-- Generated by org.testng.reporters.JUnitXMLReporter -->
<testsuite hostname="DESKTOP-INQUNRP" ignored="0" name="Test" tests="32" failures="1" timestamp="2020-06-07T18:39:11 EDT" time="79.21" errors="0">
  <testcase name="test1" time="0.014" classname="com.TestNGParallel.MoreTestThanThreadTesting"/>
  <testcase name="test2" time="16.268" classname="com.TestNGParallel.MoreTestThanThreadTesting"/>
  <testcase name="test3" time="0.002" classname="com.TestNGParallel.MoreTestThanThreadTesting"/>
  <testcase name="test4" time="0.002" classname="com.TestNGParallel.MoreTestThanThreadTesting"/>
  <testcase name="test5" time="0.004" classname="com.TestNGParallel.MoreTestThanThreadTesting"/>
  <testcase name="test6" time="0.003" classname="com.TestNGParallel.MoreTestThanThreadTesting"/>
  <testcase name="crises_controll" time="0.001" classname="com.TestNGgrouping.MultipoleGroupTest"/>
  <testcase name="crises_manage" time="0.003" classname="com.TestNGgrouping.MultipoleGroupTest"/>
  <testcase name="crises_responses" time="0.006" classname="com.TestNGgrouping.MultipoleGroupTest"/>
  <testcase name="friendlist" time="0.001" classname="com.TestNGgrouping.MultipoleGroupTest"/>
  <testcase name="group" time="0.002" classname="com.TestNGgrouping.MultipoleGroupTest"/>
  <testcase name="login" time="0.001" classname="com.TestNGgrouping.MultipoleGroupTest"/>
  <testcase name="birthDayTest" time="16.537" classname="com.TestNGgrouping.GroupingTest"/>
  <testcase name="test1" time="19.78" classname="com.TestNGParallel.ParallelThreadTesting"/>
  <testcase name="forgetLinkTest" time="22.933" classname="com.TestNGgrouping.GroupingTest"/>
  <testcase name="test2" time="12.915" classname="com.TestNGParallel.ParallelThreadTesting"/>
  <testcase name="crises_controll" time="0.003" classname="com.TestNGgrouping.RegularExpression"/>
  <testcase name="crises_manage" time="0.003" classname="com.TestNGgrouping.RegularExpression"/>
  <testcase name="crises_responses" time="0.002" classname="com.TestNGgrouping.RegularExpression"/>
  <testcase name="friendlist" time="0.003" classname="com.TestNGgrouping.RegularExpression"/>
  <testcase name="group" time="0.002" classname="com.TestNGgrouping.RegularExpression"/>
  <testcase name="login" time="0.001" classname="com.TestNGgrouping.RegularExpression"/>
  <testcase name="test1" time="0.005" classname="com.TestNGParallel.ThreadPoolSize"/>
  <testcase name="test1" time="0.006" classname="com.TestNGParallel.ThreadPoolSize"/>
  <testcase name="test1" time="0.013" classname="com.TestNGParallel.ThreadPoolSize"/>
  <testcase name="test1" time="0.002" classname="com.TestNGParallel.ThreadPoolSize"/>
  <testcase name="test1" time="0.003" classname="com.TestNGParallel.ThreadPoolSize"/>
  <testcase name="test1" time="0.005" classname="com.TestNGParallel.ThreadPoolSize"/>
  <testcase name="loginTest" time="16.125" classname="com.TestNGgrouping.GroupingTest"/>
  <testcase name="test3" time="15.214" classname="com.TestNGParallel.ThreadPoolSize"/>
  <testcase name="test3" time="19.098" classname="com.TestNGParallel.ThreadPoolSize">
    <failure type="org.openqa.selenium.WebDriverException" message="java.net.ConnectException: Failed to connect to localhost/0:0:0:0:0:0:0:1:48322
Build info: version: &amp;apos;3.141.59&amp;apos;, revision: &amp;apos;e82be7d358&amp;apos;, time: &amp;apos;2018-11-14T08:17:03&amp;apos;
System info: host: &amp;apos;DESKTOP-INQUNRP&amp;apos;, ip: &amp;apos;192.168.181.1&amp;apos;, os.name: &amp;apos;Windows 10&amp;apos;, os.arch: &amp;apos;amd64&amp;apos;, os.version: &amp;apos;10.0&amp;apos;, java.version: &amp;apos;1.8.0_171&amp;apos;
Driver info: driver.version: RemoteWebDriver">
      <![CDATA[org.openqa.selenium.WebDriverException: java.net.ConnectException: Failed to connect to localhost/0:0:0:0:0:0:0:1:48322
Build info: version: '3.141.59', revision: 'e82be7d358', time: '2018-11-14T08:17:03'
System info: host: 'DESKTOP-INQUNRP', ip: '192.168.181.1', os.name: 'Windows 10', os.arch: 'amd64', os.version: '10.0', java.version: '1.8.0_171'
Driver info: driver.version: RemoteWebDriver
at org.openqa.selenium.remote.service.DriverCommandExecutor.execute(DriverCommandExecutor.java:92)
at org.openqa.selenium.remote.RemoteWebDriver.execute(RemoteWebDriver.java:552)
at org.openqa.selenium.remote.RemoteWebDriver.execute(RemoteWebDriver.java:609)
at org.openqa.selenium.remote.RemoteWebDriver.quit(RemoteWebDriver.java:452)
at com.TestNGParallel.ThreadPoolSize.test3(ThreadPoolSize.java:40)
at java.util.concurrent.FutureTask.run(Unknown Source)
at java.util.concurrent.ThreadPoolExecutor.runWorker(Unknown Source)
at java.util.concurrent.ThreadPoolExecutor$Worker.run(Unknown Source)
at java.lang.Thread.run(Unknown Source)
Caused by: java.net.ConnectException: Failed to connect to localhost/0:0:0:0:0:0:0:1:48322
at okhttp3.internal.connection.RealConnection.connectSocket(RealConnection.java:247)
at okhttp3.internal.connection.RealConnection.connect(RealConnection.java:165)
at okhttp3.internal.connection.StreamAllocation.findConnection(StreamAllocation.java:257)
at okhttp3.internal.connection.StreamAllocation.findHealthyConnection(StreamAllocation.java:135)
at okhttp3.internal.connection.StreamAllocation.newStream(StreamAllocation.java:114)
at okhttp3.internal.connection.ConnectInterceptor.intercept(ConnectInterceptor.java:42)
at okhttp3.internal.http.RealInterceptorChain.proceed(RealInterceptorChain.java:147)
at okhttp3.internal.http.RealInterceptorChain.proceed(RealInterceptorChain.java:121)
at okhttp3.internal.cache.CacheInterceptor.intercept(CacheInterceptor.java:93)
at okhttp3.internal.http.RealInterceptorChain.proceed(RealInterceptorChain.java:147)
at okhttp3.internal.http.RealInterceptorChain.proceed(RealInterceptorChain.java:121)
at okhttp3.internal.http.BridgeInterceptor.intercept(BridgeInterceptor.java:93)
at okhttp3.internal.http.RealInterceptorChain.proceed(RealInterceptorChain.java:147)
at okhttp3.internal.http.RetryAndFollowUpInterceptor.intercept(RetryAndFollowUpInterceptor.java:126)
at okhttp3.internal.http.RealInterceptorChain.proceed(RealInterceptorChain.java:147)
at okhttp3.internal.http.RealInterceptorChain.proceed(RealInterceptorChain.java:121)
at okhttp3.RealCall.getResponseWithInterceptorChain(RealCall.java:200)
at okhttp3.RealCall.execute(RealCall.java:77)
at org.openqa.selenium.remote.internal.OkHttpClient.execute(OkHttpClient.java:103)
at org.openqa.selenium.remote.HttpCommandExecutor.execute(HttpCommandExecutor.java:155)
at org.openqa.selenium.remote.service.DriverCommandExecutor.execute(DriverCommandExecutor.java:83)
... 21 more
Caused by: java.net.ConnectException: Connection refused: connect
at java.net.DualStackPlainSocketImpl.waitForConnect(Native Method)
at java.net.DualStackPlainSocketImpl.socketConnect(Unknown Source)
at java.net.AbstractPlainSocketImpl.doConnect(Unknown Source)
at java.net.AbstractPlainSocketImpl.connectToAddress(Unknown Source)
at java.net.AbstractPlainSocketImpl.connect(Unknown Source)
at java.net.PlainSocketImpl.connect(Unknown Source)
at java.net.SocksSocketImpl.connect(Unknown Source)
at java.net.Socket.connect(Unknown Source)
at okhttp3.internal.platform.Platform.connectSocket(Platform.java:129)
at okhttp3.internal.connection.RealConnection.connectSocket(RealConnection.java:245)
... 41 more
... Removed 13 stack frames]]>
    </failure>
  </testcase> <!-- test3 -->
  <testcase name="test3" time="14.769" classname="com.TestNGParallel.ThreadPoolSize"/>
</testsuite> <!-- Test -->
