<?xml version="1.0" encoding="UTF-8"?>
<!-- Generated by org.testng.reporters.JUnitXMLReporter -->
<testsuite hostname="DESKTOP-INQUNRP" ignored="5" name="Test1" tests="10" failures="0" timestamp="2020-06-07T17:03:09 EDT" time="24.232" errors="0">
  <testcase name="birthDayTest" time="14.042" classname="com.TestNGgrouping.GroupingTest"/>
  <testcase name="forgetLinkTest" time="10.067" classname="com.TestNGgrouping.GroupingTest"/>
  <testcase name="crises_controll" time="0.002" classname="com.TestNGgrouping.RegularExpression"/>
  <testcase name="crises_manage" time="0.001" classname="com.TestNGgrouping.RegularExpression"/>
  <testcase name="crises_responses" time="0.006" classname="com.TestNGgrouping.RegularExpression"/>
  <testcase name="friendlist" time="0.002" classname="com.TestNGgrouping.RegularExpression"/>
  <testcase name="login" time="0.001" classname="com.TestNGgrouping.RegularExpression"/>
  <testcase name="crises_controll" time="0.003" classname="com.TestNGgrouping.MultipoleGroupTest"/>
  <testcase name="crises_responses" time="0.003" classname="com.TestNGgrouping.MultipoleGroupTest"/>
  <testcase name="friendlist" time="0.004" classname="com.TestNGgrouping.MultipoleGroupTest"/>
  <testcase name="crises_manage" time="0.0" classname="com.TestNGgrouping.MultipoleGroupTest">
    <ignored/>
  </testcase> <!-- crises_manage -->
  <testcase name="group" time="0.0" classname="com.TestNGgrouping.MultipoleGroupTest">
    <ignored/>
  </testcase> <!-- group -->
  <testcase name="login" time="0.0" classname="com.TestNGgrouping.MultipoleGroupTest">
    <ignored/>
  </testcase> <!-- login -->
  <testcase name="loginTest" time="0.0" classname="com.TestNGgrouping.GroupingTest">
    <ignored/>
  </testcase> <!-- loginTest -->
  <testcase name="group" time="0.0" classname="com.TestNGgrouping.RegularExpression">
    <ignored/>
  </testcase> <!-- group -->
</testsuite> <!-- Test1 -->
