<?xml version="1.0" encoding="UTF-8"?>
<!-- Generated by org.testng.reporters.JUnitXMLReporter -->
<testsuite hostname="Libi" ignored="2" name="Regression1" tests="9" failures="0" timestamp="15 May 2018 20:27:20 GMT" time="0.167" errors="0">
  <testcase name="crises_controll" time="0.027" classname="testngExplanation.Groups"/>
  <testcase name="crises_manage" time="0.008" classname="testngExplanation.Groups"/>
  <testcase name="crises_responses" time="0.003" classname="testngExplanation.Groups"/>
  <testcase name="friendlist" time="0.001" classname="testngExplanation.Groups"/>
  <testcase name="group" time="0.006" classname="testngExplanation.Groups"/>
  <testcase name="login" time="0.03" classname="testngExplanation.Groups"/>
  <testcase name="firstname" time="0.002" classname="testngExplanation.InvocationCount"/>
  <testcase name="messenger" time="0.001" classname="testngExplanation.InvocationCount"/>
  <testcase name="checkingGroup" time="0.002" classname="TestNG.Group"/>
  <testcase name="checkingNotGroup" time="0.0" classname="TestNG.Group">
    <ignored/>
  </testcase> <!-- checkingNotGroup -->
  <testcase name="openFaceBook" time="0.0" classname="testngExplanation.InvocationCount">
    <ignored/>
  </testcase> <!-- openFaceBook -->
</testsuite> <!-- Regression1 -->
